
  .   ____          _            __ _ _
 /\\ / ___'_ __ _ _(_)_ __  __ _ \ \ \ \
( ( )\___ | '_ | '_| | '_ \/ _` | \ \ \ \
 \\/  ___)| |_)| | | | | || (_| |  ) ) ) )
  '  |____| .__|_| |_|_| |_\__, | / / / /
 =========|_|==============|___/=/_/_/_/

 :: Spring Boot ::                (v4.0.2)

2026-02-04T20:43:31.031+01:00  INFO 9976 --- [vuln-dashboard] [           main] c.v.dashboard.VulnDashboardApplication   : Starting VulnDashboardApplication v0.0.1-SNAPSHOT using Java 17.0.17 with PID 9976 (E:\SoftwareDev\VulScan\VulScanApp\target\VulScanApp-0.0.1-SNAPSHOT.jar started by BL in E:\SoftwareDev\VulScan\VulScanApp)
2026-02-04T20:43:31.040+01:00  INFO 9976 --- [vuln-dashboard] [           main] c.v.dashboard.VulnDashboardApplication   : No active profile set, falling back to 1 default profile: "default"
2026-02-04T20:43:32.194+01:00  INFO 9976 --- [vuln-dashboard] [           main] .s.d.r.c.RepositoryConfigurationDelegate : Bootstrapping Spring Data JPA repositories in DEFAULT mode.
2026-02-04T20:43:32.275+01:00  INFO 9976 --- [vuln-dashboard] [           main] .s.d.r.c.RepositoryConfigurationDelegate : Finished Spring Data repository scanning in 64 ms. Found 1 JPA repository interface.
2026-02-04T20:43:33.175+01:00  INFO 9976 --- [vuln-dashboard] [           main] o.s.boot.tomcat.TomcatWebServer          : Tomcat initialized with port 8080 (http)
2026-02-04T20:43:33.198+01:00  INFO 9976 --- [vuln-dashboard] [           main] o.apache.catalina.core.StandardService   : Starting service [Tomcat]
2026-02-04T20:43:33.198+01:00  INFO 9976 --- [vuln-dashboard] [           main] o.apache.catalina.core.StandardEngine    : Starting Servlet engine: [Apache Tomcat/11.0.15]
2026-02-04T20:43:33.276+01:00  INFO 9976 --- [vuln-dashboard] [           main] b.w.c.s.WebApplicationContextInitializer : Root WebApplicationContext: initialization completed in 2131 ms
2026-02-04T20:43:34.029+01:00  INFO 9976 --- [vuln-dashboard] [           main] com.zaxxer.hikari.HikariDataSource       : HikariPool-1 - Starting...
2026-02-04T20:43:34.399+01:00  INFO 9976 --- [vuln-dashboard] [           main] com.zaxxer.hikari.pool.HikariPool        : HikariPool-1 - Added connection org.postgresql.jdbc.PgConnection@147cc940
2026-02-04T20:43:34.402+01:00  INFO 9976 --- [vuln-dashboard] [           main] com.zaxxer.hikari.HikariDataSource       : HikariPool-1 - Start completed.
2026-02-04T20:43:34.459+01:00  INFO 9976 --- [vuln-dashboard] [           main] org.flywaydb.core.FlywayExecutor         : Database: jdbc:postgresql://localhost:5432/VulScanDb (PostgreSQL 16.11)
2026-02-04T20:43:34.590+01:00  INFO 9976 --- [vuln-dashboard] [           main] o.f.core.internal.command.DbValidate     : Successfully validated 1 migration (execution time 00:00.065s)
2026-02-04T20:43:34.635+01:00  INFO 9976 --- [vuln-dashboard] [           main] o.f.core.internal.command.DbMigrate      : Current version of schema "public": 1
2026-02-04T20:43:34.642+01:00  INFO 9976 --- [vuln-dashboard] [           main] o.f.core.internal.command.DbMigrate      : Schema "public" is up to date. No migration necessary.
2026-02-04T20:43:34.788+01:00  INFO 9976 --- [vuln-dashboard] [           main] org.hibernate.orm.jpa                    : HHH008540: Processing PersistenceUnitInfo [name: default]
2026-02-04T20:43:34.877+01:00  INFO 9976 --- [vuln-dashboard] [           main] org.hibernate.orm.core                   : HHH000001: Hibernate ORM core version 7.2.1.Final
2026-02-04T20:43:35.648+01:00  INFO 9976 --- [vuln-dashboard] [           main] o.s.o.j.p.SpringPersistenceUnitInfo      : No LoadTimeWeaver setup: ignoring JPA class transformer
2026-02-04T20:43:35.761+01:00  INFO 9976 --- [vuln-dashboard] [           main] org.hibernate.orm.connections.pooling    : HHH10001005: Database info:
	Database JDBC URL [jdbc:postgresql://localhost:5432/VulScanDb]
	Database driver: PostgreSQL JDBC Driver
	Database dialect: PostgreSQLDialect
	Database version: 16.11
	Default catalog/schema: VulScanDb/public
	Autocommit mode: undefined/unknown
	Isolation level: READ_COMMITTED [default READ_COMMITTED]
	JDBC fetch size: none
	Pool: DataSourceConnectionProvider
	Minimum pool size: undefined/unknown
	Maximum pool size: undefined/unknown
2026-02-04T20:43:36.817+01:00  INFO 9976 --- [vuln-dashboard] [           main] org.hibernate.orm.core                   : HHH000489: No JTA platform available (set 'hibernate.transaction.jta.platform' to enable JTA platform integration)
2026-02-04T20:43:36.869+01:00  INFO 9976 --- [vuln-dashboard] [           main] j.LocalContainerEntityManagerFactoryBean : Initialized JPA EntityManagerFactory for persistence unit 'default'
2026-02-04T20:43:36.984+01:00  INFO 9976 --- [vuln-dashboard] [           main] o.s.d.j.r.query.QueryEnhancerFactories   : Hibernate is in classpath; If applicable, HQL parser will be used.
2026-02-04T20:43:37.309+01:00  WARN 9976 --- [vuln-dashboard] [           main] JpaBaseConfiguration$JpaWebConfiguration : spring.jpa.open-in-view is enabled by default. Therefore, database queries may be performed during view rendering. Explicitly configure spring.jpa.open-in-view to disable this warning
2026-02-04T20:43:38.014+01:00  INFO 9976 --- [vuln-dashboard] [           main] o.s.boot.tomcat.TomcatWebServer          : Tomcat started on port 8080 (http) with context path '/'
2026-02-04T20:43:38.025+01:00  INFO 9976 --- [vuln-dashboard] [           main] c.v.dashboard.VulnDashboardApplication   : Started VulnDashboardApplication in 7.876 seconds (process running for 8.784)
